<?xml version="1.0" encoding="UTF-8"?>
<!-- Generated by org.testng.reporters.JUnitReportReporter -->
<testsuite hostname="DESKTOP-6NH7IN9" failures="0" tests="3" name="com.testNG.practice.Annotations1" time="0.020" errors="0" timestamp="2021-05-20T19:54:53 IST" skipped="0">
  <testcase classname="com.testNG.practice.Annotations1" name="memberFarmerLandDetails" time="0.008"/>
  <system-out/>
  <testcase classname="com.testNG.practice.Annotations1" name="memberShare" time="0.008"/>
  <system-out/>
  <testcase classname="com.testNG.practice.Annotations1" name="ncl" time="0.004"/>
  <system-out/>
</testsuite> <!-- com.testNG.practice.Annotations1 -->
