<?xml version="1.0" encoding="UTF-8"?>
<!-- Generated by org.testng.reporters.JUnitReportReporter -->
<testsuite hostname="DESKTOP-6NH7IN9" failures="0" tests="1" name="com.testNG.practice.Annotations3" time="0.005" errors="0" timestamp="2021-05-20T19:54:53 IST" skipped="0">
  <testcase classname="com.testNG.practice.Annotations3" name="clearCache" time="0.005"/>
  <system-out/>
</testsuite> <!-- com.testNG.practice.Annotations3 -->
